[21:02:42] [ServerMain/INFO]: Building unoptimized datafixer
[21:02:44] [ServerMain/WARN]: You specified a resource pack without providing a sha1 hash. Pack will be updated on the client only if you change the name of the pack.
[21:02:44] [ServerMain/INFO]: Environment: authHost='https://authserver.mojang.com', accountsHost='https://api.mojang.com', sessionHost='https://sessionserver.mojang.com', servicesHost='https://api.minecraftservices.com', name='PROD'
[21:02:49] [ServerMain/INFO]: Loaded 7 recipes
[21:02:50] [Server thread/INFO]: Starting minecraft server version 1.19.3
[21:02:50] [Server thread/INFO]: Loading properties
[21:02:50] [Server thread/INFO]: This server is running CraftBukkit version 3663-Spigot-a2190e3-b56426c (MC: 1.19.3) (Implementing API version 1.19.3-R0.1-SNAPSHOT)
[21:02:51] [Server thread/INFO]: Debug logging is disabled
[21:02:51] [Server thread/INFO]: Server Ping Player Sample Count: 12
[21:02:51] [Server thread/INFO]: Using 4 threads for Netty based IO
[21:02:51] [Server thread/INFO]: Default game type: SURVIVAL
[21:02:51] [Server thread/INFO]: Generating keypair
[21:02:51] [Server thread/INFO]: Starting Minecraft server on *:25565
[21:02:52] [Server thread/INFO]: Using default channel type
[21:02:55] [Server thread/WARN]: Initializing Legacy Material Support. Unless you have legacy plugins and/or data this is a bug!
[21:03:06] [Server thread/WARN]: Legacy plugin SimpleTpa v6.2 does not specify an api-version.
[21:03:11] [Server thread/WARN]: Legacy plugin ClickTpa v1.7.1 does not specify an api-version.
[21:03:13] [Server thread/INFO]: [Drugs] Loading Drugs v6.2
[21:03:13] [Server thread/INFO]: [SimpleTpa] Loading SimpleTpa v6.2
[21:03:13] [Server thread/INFO]: [WorldEdit] Loading WorldEdit v7.2.13+46576cc
[21:03:14] [Server thread/INFO]: Got request to register class com.sk89q.worldedit.bukkit.BukkitServerInterface with WorldEdit [com.sk89q.worldedit.extension.platform.PlatformManager@4eb4d2cc]
[21:03:14] [Server thread/INFO]: [PlayerKits] Loading PlayerKits v2.25.1
[21:03:14] [Server thread/INFO]: [OpeNLogin] Loading OpeNLogin v1.6.3
[21:03:14] [Server thread/INFO]: [ViaVersion] Loading ViaVersion v4.5.1
[21:03:14] [Server thread/INFO]: [ViaVersion] ViaVersion 4.5.1 is now loaded, injecting!
[21:03:15] [Via-Mappingloader-0/INFO]: [ViaVersion] Loading 1.12 -> 1.13 mappings...
[21:03:15] [Via-Mappingloader-1/INFO]: [ViaVersion] Loading 1.13 -> 1.13.2 mappings...
[21:03:16] [Via-Mappingloader-2/INFO]: [ViaVersion] Loading 1.13.2 -> 1.14 mappings...
[21:03:16] [Via-Mappingloader-3/INFO]: [ViaVersion] Loading 1.14 -> 1.15 mappings...
[21:03:16] [Via-Mappingloader-4/INFO]: [ViaVersion] Loading 1.15 -> 1.16 mappings...
[21:03:16] [Via-Mappingloader-1/INFO]: [ViaVersion] Loading 1.16 -> 1.16.2 mappings...
[21:03:16] [Via-Mappingloader-0/INFO]: [ViaVersion] Loading block connection mappings ...
[21:03:16] [Via-Mappingloader-3/INFO]: [ViaVersion] Loading 1.17 -> 1.18 mappings...
[21:03:16] [Via-Mappingloader-4/INFO]: [ViaVersion] Loading 1.18 -> 1.19 mappings...
[21:03:17] [Via-Mappingloader-3/INFO]: [ViaVersion] Loading 1.19 -> 1.19.3 mappings...
[21:03:17] [Server thread/INFO]: [PowerRanks] Loading PowerRanks v1.10.5R2
[21:03:17] [Server thread/INFO]: [CrucialAPI] Loading CrucialAPI v2.1.7
[21:03:17] [Server thread/INFO]: [DrugFunV2] Loading DrugFunV2 v1.0
[21:03:17] [Server thread/INFO]: [ClickTpa] Loading ClickTpa v1.7.1
[21:03:17] [Server thread/INFO]: [ReviveMe] Loading ReviveMe v0.4.4
[21:03:17] [Server thread/INFO]: [ProtocolLib] Loading ProtocolLib v5.0.0-SNAPSHOT-b614
[21:03:17] [Via-Mappingloader-5/INFO]: [ViaVersion] Loading 1.16.2 -> 1.17 mappings...
[21:03:20] [Server thread/INFO]: [WorldGuard] Loading WorldGuard v7.0.7+216b061
[21:03:20] [Server thread/INFO]: [LibsDisguises] Loading LibsDisguises v10.0.32
[21:03:20] [Server thread/INFO]: [BetterStructures] Loading BetterStructures v1.4.2
[21:03:20] [Server thread/INFO]: [EliteMobs] WorldGuard is not enabled! WorldGuard is recommended when using the EliteMobs integration.
[21:03:20] [Server thread/INFO]: [Shopkeepers] Loading Shopkeepers v2.16.4
[21:03:20] [Server thread/INFO]: [Shopkeepers] Loaded all plugin classes (743 ms).
[21:03:21] [Server thread/INFO]: [Shopkeepers] Loading config.
[21:03:21] [Server thread/INFO]: [Shopkeepers] Loading language file: language-en-default.yml
[21:03:21] [Server thread/INFO]: [Shopkeepers] Registering WorldGuard flag 'allow-shop'.
[21:03:21] [Server thread/INFO]: [Shopkeepers] Registering defaults.
[21:03:21] [Server thread/INFO]: [VeinMiner] Loading VeinMiner v2.0.0
[21:03:22] [Server thread/INFO]: [VeinMiner] Found WorldGuard. Registering custom region flag.
[21:03:22] [Server thread/INFO]: [BossLand] Loading BossLand v0.8
[21:03:22] [Server thread/INFO]: [UltraSetHome] Loading UltraSetHome v1.7.3
[21:03:22] [Server thread/INFO]: [ChessAndMore] Loading ChessAndMore v1.0
[21:03:22] [Server thread/INFO]: [GriefPrevention] Loading GriefPrevention v16.18
[21:03:22] [Server thread/INFO]: [GSit] Loading GSit v1.3.7
[21:03:22] [Server thread/INFO]: [WorldEdit] Enabling WorldEdit v7.2.13+46576cc
[21:03:23] [Server thread/INFO]: Registering commands with com.sk89q.worldedit.bukkit.BukkitServerInterface
[21:03:23] [Server thread/INFO]: WEPIF: Using the Bukkit Permissions API.
[21:03:23] [Server thread/INFO]: Using com.sk89q.worldedit.bukkit.adapter.impl.v1_19_R2.PaperweightAdapter as the Bukkit adapter
[21:03:24] [Server thread/INFO]: [WorldEdit] ====================================================
[21:03:24] [Server thread/INFO]: [WorldEdit]  WorldEdit works better if you use Paper 
[21:03:24] [Server thread/INFO]: [WorldEdit]  as your server software. 
[21:03:24] [Server thread/INFO]: [WorldEdit]   
[21:03:24] [Server thread/INFO]: [WorldEdit]  Paper offers significant performance improvements,
[21:03:24] [Server thread/INFO]: [WorldEdit]  bug fixes, security enhancements and optional
[21:03:24] [Server thread/INFO]: [WorldEdit]  features for server owners to enhance their server.
[21:03:24] [Server thread/INFO]: [WorldEdit]   
[21:03:24] [Server thread/INFO]: [WorldEdit]  Paper includes Timings v2, which is significantly
[21:03:24] [Server thread/INFO]: [WorldEdit]  better at diagnosing lag problems over v1.
[21:03:24] [Server thread/INFO]: [WorldEdit]   
[21:03:24] [Server thread/INFO]: [WorldEdit]  All of your plugins should still work, and the
[21:03:24] [Server thread/INFO]: [WorldEdit]  Paper community will gladly help you fix any issues.
[21:03:24] [Server thread/INFO]: [WorldEdit]   
[21:03:24] [Server thread/INFO]: [WorldEdit]  Join the Paper Community @ https://papermc.io
[21:03:24] [Server thread/INFO]: [WorldEdit] ====================================================
[21:03:24] [Server thread/INFO]: [PowerRanks] Enabling PowerRanks v1.10.5R2
[21:03:25] [Server thread/INFO]: [PowerRanks] 
[21:03:25] [Server thread/INFO]: [PowerRanks] === ------- LOADING CONFIGURATION ------ ===
[21:03:25] [Server thread/INFO]: [PowerRanks] Loading config file
[21:03:25] [Server thread/INFO]: [PowerRanks] Loading language file
[21:03:25] [Server thread/INFO]: [PowerRanks] Loading usertags file
[21:03:25] [Server thread/INFO]: [PowerRanks] 
[21:03:25] [Server thread/INFO]: [PowerRanks] === ---------- LOADING ADDONS ---------- ===
[21:03:25] [Server thread/INFO]: [PowerRanks] Loaded 0 add-on(s)!
[21:03:25] [Server thread/INFO]: [PowerRanks] 
[21:03:25] [Server thread/INFO]: [PowerRanks] === ----------- LOADING DATA ----------- ===
[21:03:25] [Server thread/INFO]: [PowerRanks] Loading player & rank data
[21:03:26] [Server thread/INFO]: [PowerRanks] 
[21:03:26] [Server thread/INFO]: [PowerRanks] === ------- LOADING PLUGIN HOOKS ------- ===
[21:03:26] [Server thread/INFO]: [PowerRanks] Checking for plugins to hook in to:
[21:03:26] [Server thread/INFO]: [PowerRanks] No other plugins found! Working stand-alone.
[21:03:26] [Server thread/INFO]: [PowerRanks] 
[21:03:26] [Server thread/INFO]: [PowerRanks] §b  ██████  ██████ §a  PowerRanks v1.10.5R2
[21:03:26] [Server thread/INFO]: [PowerRanks] §b  ██   ██ ██   ██§a  Running on Spigot v2190e3
[21:03:26] [Server thread/INFO]: [PowerRanks] §b  ██████  ██████ §a  Startup time: 1505ms
[21:03:26] [Server thread/INFO]: [PowerRanks] §b  ██      ██   ██§a  Loaded 4 ranks and 8 players (YAML) 
[21:03:26] [Server thread/INFO]: [PowerRanks] §b  ██      ██   ██§c  
[21:03:26] [Server thread/INFO]: [PowerRanks] 
[21:03:26] [Server thread/INFO]: [PowerRanks] If you'd like to donate, please visit https://ko-fi.com/svenar or https://patreon.com/svenar
[21:03:26] [Server thread/INFO]: [PowerRanks] Checking for updates...
[21:03:29] [Server thread/INFO]: [ProtocolLib] Enabling ProtocolLib v5.0.0-SNAPSHOT-b614
[21:03:29] [Server thread/WARN]: **** SERVER IS RUNNING IN OFFLINE/INSECURE MODE!
[21:03:29] [Server thread/WARN]: The server will make no attempt to authenticate usernames. Beware.
[21:03:29] [Server thread/WARN]: While this makes the game possible to play without internet access, it also opens up the ability for hackers to connect with any username they choose.
[21:03:29] [Server thread/WARN]: To change this, set "online-mode" to "true" in the server.properties file.
[21:03:29] [Server thread/INFO]: Preparing level "world"
[21:03:29] [Server thread/INFO]: -------- World Settings For [world] --------
[21:03:29] [Server thread/INFO]: Experience Merge Radius: 3.0
[21:03:29] [Server thread/INFO]: Cactus Growth Modifier: 100%
[21:03:29] [Server thread/INFO]: Cane Growth Modifier: 100%
[21:03:29] [Server thread/INFO]: Melon Growth Modifier: 100%
[21:03:29] [Server thread/INFO]: Mushroom Growth Modifier: 100%
[21:03:29] [Server thread/INFO]: Pumpkin Growth Modifier: 100%
[21:03:29] [Server thread/INFO]: Sapling Growth Modifier: 100%
[21:03:29] [Server thread/INFO]: Beetroot Growth Modifier: 100%
[21:03:29] [Server thread/INFO]: Carrot Growth Modifier: 100%
[21:03:29] [Server thread/INFO]: Potato Growth Modifier: 100%
[21:03:29] [Server thread/INFO]: Wheat Growth Modifier: 100%
[21:03:29] [Server thread/INFO]: NetherWart Growth Modifier: 100%
[21:03:29] [Server thread/INFO]: Vine Growth Modifier: 100%
[21:03:29] [Server thread/INFO]: Cocoa Growth Modifier: 100%
[21:03:29] [Server thread/INFO]: Bamboo Growth Modifier: 100%
[21:03:29] [Server thread/INFO]: SweetBerry Growth Modifier: 100%
[21:03:29] [Server thread/INFO]: Kelp Growth Modifier: 100%
[21:03:29] [Server thread/INFO]: TwistingVines Growth Modifier: 100%
[21:03:29] [Server thread/INFO]: WeepingVines Growth Modifier: 100%
[21:03:29] [Server thread/INFO]: CaveVines Growth Modifier: 100%
[21:03:29] [Server thread/INFO]: Entity Tracking Range: Pl 48 / An 48 / Mo 48 / Mi 32 / Other 64
[21:03:29] [Server thread/INFO]: Entity Activation Range: An 32 / Mo 32 / Ra 48 / Mi 16 / Tiv true / Isa false
[21:03:29] [Server thread/INFO]: Custom Map Seeds:  Village: 10387312 Desert: 14357617 Igloo: 14357618 Jungle: 14357619 Swamp: 14357620 Monument: 10387313 Ocean: 14357621 Shipwreck: 165745295 End City: 10387313 Slime: 987234911 Nether: 30084232 Mansion: 10387319 Fossil: 14357921 Portal: 34222645
[21:03:29] [Server thread/INFO]: Hopper Transfer: 8 Hopper Check: 1 Hopper Amount: 1 Hopper Can Load Chunks: false
[21:03:29] [Server thread/INFO]: Tile Max Tick Time: 50ms Entity max Tick Time: 50ms
[21:03:29] [Server thread/INFO]: Max TNT Explosions: 100
[21:03:29] [Server thread/INFO]: Mob Spawn Range: 6
[21:03:29] [Server thread/INFO]: Item Despawn Rate: 6000
[21:03:29] [Server thread/INFO]: Item Merge Radius: 2.5
[21:03:29] [Server thread/INFO]: Simulation Distance: 10
[21:03:29] [Server thread/INFO]: View Distance: 16
[21:03:29] [Server thread/INFO]: Allow Zombie Pigmen to spawn from portal blocks: true
[21:03:29] [Server thread/INFO]: Arrow Despawn Rate: 1200 Trident Respawn Rate:1200
[21:03:29] [Server thread/INFO]: Zombie Aggressive Towards Villager: true
[21:03:29] [Server thread/INFO]: Nerfing mobs spawned from spawners: false
[21:03:31] [Server thread/INFO]: -------- World Settings For [world_nether] --------
[21:03:31] [Server thread/INFO]: Experience Merge Radius: 3.0
[21:03:31] [Server thread/INFO]: Cactus Growth Modifier: 100%
[21:03:31] [Server thread/INFO]: Cane Growth Modifier: 100%
[21:03:31] [Server thread/INFO]: Melon Growth Modifier: 100%
[21:03:31] [Server thread/INFO]: Mushroom Growth Modifier: 100%
[21:03:31] [Server thread/INFO]: Pumpkin Growth Modifier: 100%
[21:03:31] [Server thread/INFO]: Sapling Growth Modifier: 100%
[21:03:31] [Server thread/INFO]: Beetroot Growth Modifier: 100%
[21:03:31] [Server thread/INFO]: Carrot Growth Modifier: 100%
[21:03:31] [Server thread/INFO]: Potato Growth Modifier: 100%
[21:03:31] [Server thread/INFO]: Wheat Growth Modifier: 100%
[21:03:31] [Server thread/INFO]: NetherWart Growth Modifier: 100%
[21:03:31] [Server thread/INFO]: Vine Growth Modifier: 100%
[21:03:31] [Server thread/INFO]: Cocoa Growth Modifier: 100%
[21:03:31] [Server thread/INFO]: Bamboo Growth Modifier: 100%
[21:03:31] [Server thread/INFO]: SweetBerry Growth Modifier: 100%
[21:03:31] [Server thread/INFO]: Kelp Growth Modifier: 100%
[21:03:31] [Server thread/INFO]: TwistingVines Growth Modifier: 100%
[21:03:31] [Server thread/INFO]: WeepingVines Growth Modifier: 100%
[21:03:31] [Server thread/INFO]: CaveVines Growth Modifier: 100%
[21:03:31] [Server thread/INFO]: Entity Tracking Range: Pl 48 / An 48 / Mo 48 / Mi 32 / Other 64
[21:03:31] [Server thread/INFO]: Entity Activation Range: An 32 / Mo 32 / Ra 48 / Mi 16 / Tiv true / Isa false
[21:03:31] [Server thread/INFO]: Custom Map Seeds:  Village: 10387312 Desert: 14357617 Igloo: 14357618 Jungle: 14357619 Swamp: 14357620 Monument: 10387313 Ocean: 14357621 Shipwreck: 165745295 End City: 10387313 Slime: 987234911 Nether: 30084232 Mansion: 10387319 Fossil: 14357921 Portal: 34222645
[21:03:31] [Server thread/INFO]: Hopper Transfer: 8 Hopper Check: 1 Hopper Amount: 1 Hopper Can Load Chunks: false
[21:03:31] [Server thread/INFO]: Tile Max Tick Time: 50ms Entity max Tick Time: 50ms
[21:03:31] [Server thread/INFO]: Max TNT Explosions: 100
[21:03:31] [Server thread/INFO]: Mob Spawn Range: 6
[21:03:31] [Server thread/INFO]: Item Despawn Rate: 6000
[21:03:31] [Server thread/INFO]: Item Merge Radius: 2.5
[21:03:31] [Server thread/INFO]: Simulation Distance: 10
[21:03:31] [Server thread/INFO]: View Distance: 16
[21:03:31] [Server thread/INFO]: Allow Zombie Pigmen to spawn from portal blocks: true
[21:03:31] [Server thread/INFO]: Arrow Despawn Rate: 1200 Trident Respawn Rate:1200
[21:03:31] [Server thread/INFO]: Zombie Aggressive Towards Villager: true
[21:03:31] [Server thread/INFO]: Nerfing mobs spawned from spawners: false
[21:03:42] [Server thread/INFO]: -------- World Settings For [world_the_end] --------
[21:03:42] [Server thread/INFO]: Experience Merge Radius: 3.0
[21:03:42] [Server thread/INFO]: Cactus Growth Modifier: 100%
[21:03:42] [Server thread/INFO]: Cane Growth Modifier: 100%
[21:03:42] [Server thread/INFO]: Melon Growth Modifier: 100%
[21:03:42] [Server thread/INFO]: Mushroom Growth Modifier: 100%
[21:03:42] [Server thread/INFO]: Pumpkin Growth Modifier: 100%
[21:03:42] [Server thread/INFO]: Sapling Growth Modifier: 100%
[21:03:42] [Server thread/INFO]: Beetroot Growth Modifier: 100%
[21:03:42] [Server thread/INFO]: Carrot Growth Modifier: 100%
[21:03:42] [Server thread/INFO]: Potato Growth Modifier: 100%
[21:03:42] [Server thread/INFO]: Wheat Growth Modifier: 100%
[21:03:42] [Server thread/INFO]: NetherWart Growth Modifier: 100%
[21:03:42] [Server thread/INFO]: Vine Growth Modifier: 100%
[21:03:42] [Server thread/INFO]: Cocoa Growth Modifier: 100%
[21:03:42] [Server thread/INFO]: Bamboo Growth Modifier: 100%
[21:03:42] [Server thread/INFO]: SweetBerry Growth Modifier: 100%
[21:03:42] [Server thread/INFO]: Kelp Growth Modifier: 100%
[21:03:42] [Server thread/INFO]: TwistingVines Growth Modifier: 100%
[21:03:42] [Server thread/INFO]: WeepingVines Growth Modifier: 100%
[21:03:42] [Server thread/INFO]: CaveVines Growth Modifier: 100%
[21:03:42] [Server thread/INFO]: Entity Tracking Range: Pl 48 / An 48 / Mo 48 / Mi 32 / Other 64
[21:03:42] [Server thread/INFO]: Entity Activation Range: An 32 / Mo 32 / Ra 48 / Mi 16 / Tiv true / Isa false
[21:03:42] [Server thread/INFO]: Custom Map Seeds:  Village: 10387312 Desert: 14357617 Igloo: 14357618 Jungle: 14357619 Swamp: 14357620 Monument: 10387313 Ocean: 14357621 Shipwreck: 165745295 End City: 10387313 Slime: 987234911 Nether: 30084232 Mansion: 10387319 Fossil: 14357921 Portal: 34222645
[21:03:42] [Server thread/INFO]: Hopper Transfer: 8 Hopper Check: 1 Hopper Amount: 1 Hopper Can Load Chunks: false
[21:03:42] [Server thread/INFO]: Tile Max Tick Time: 50ms Entity max Tick Time: 50ms
[21:03:42] [Server thread/INFO]: Max TNT Explosions: 100
[21:03:42] [Server thread/INFO]: Mob Spawn Range: 6
[21:03:42] [Server thread/INFO]: Item Despawn Rate: 6000
[21:03:42] [Server thread/INFO]: Item Merge Radius: 2.5
[21:03:42] [Server thread/INFO]: Simulation Distance: 10
[21:03:42] [Server thread/INFO]: View Distance: 16
[21:03:42] [Server thread/INFO]: Allow Zombie Pigmen to spawn from portal blocks: true
[21:03:42] [Server thread/INFO]: Arrow Despawn Rate: 1200 Trident Respawn Rate:1200
[21:03:42] [Server thread/INFO]: Zombie Aggressive Towards Villager: true
[21:03:42] [Server thread/INFO]: Nerfing mobs spawned from spawners: false
[21:03:42] [Server thread/INFO]: Preparing start region for dimension minecraft:overworld
[21:03:44] [Worker-Main-1/INFO]: Preparing spawn area: 0%
[21:03:44] [Worker-Main-1/INFO]: Preparing spawn area: 0%
[21:03:44] [Worker-Main-1/INFO]: Preparing spawn area: 0%
[21:03:44] [Worker-Main-1/INFO]: Preparing spawn area: 0%
[21:03:44] [Worker-Main-1/INFO]: Preparing spawn area: 0%
[21:03:44] [Worker-Main-1/INFO]: Preparing spawn area: 0%
[21:03:45] [Worker-Main-1/INFO]: Preparing spawn area: 0%
[21:03:45] [Worker-Main-1/INFO]: Preparing spawn area: 0%
[21:03:46] [Worker-Main-1/INFO]: Preparing spawn area: 0%
[21:03:46] [Worker-Main-1/INFO]: Preparing spawn area: 0%
[21:03:48] [Worker-Main-1/INFO]: Preparing spawn area: 0%
[21:03:48] [Worker-Main-1/INFO]: Preparing spawn area: 0%
[21:03:48] [Worker-Main-1/INFO]: Preparing spawn area: 0%
[21:03:48] [Worker-Main-1/INFO]: Preparing spawn area: 0%
[21:03:49] [Worker-Main-1/INFO]: Preparing spawn area: 0%
[21:03:49] [Worker-Main-1/INFO]: Preparing spawn area: 0%
[21:03:50] [Worker-Main-1/INFO]: Preparing spawn area: 0%
[21:03:50] [Worker-Main-1/INFO]: Preparing spawn area: 0%
[21:03:51] [Worker-Main-1/INFO]: Preparing spawn area: 0%
[21:03:51] [Worker-Main-1/INFO]: Preparing spawn area: 0%
[21:03:52] [Worker-Main-1/INFO]: Preparing spawn area: 0%
[21:03:52] [Worker-Main-1/INFO]: Preparing spawn area: 0%
[21:03:53] [Worker-Main-1/INFO]: Preparing spawn area: 0%
[21:03:53] [Worker-Main-1/INFO]: Preparing spawn area: 0%
[21:03:54] [Worker-Main-1/INFO]: Preparing spawn area: 0%
[21:03:54] [Worker-Main-1/INFO]: Preparing spawn area: 0%
[21:03:55] [Worker-Main-1/INFO]: Preparing spawn area: 1%
[21:03:55] [Worker-Main-1/INFO]: Preparing spawn area: 1%
[21:03:56] [Worker-Main-1/INFO]: Preparing spawn area: 1%
[21:03:56] [Worker-Main-1/INFO]: Preparing spawn area: 2%
[21:03:57] [Worker-Main-1/INFO]: Preparing spawn area: 2%
[21:03:57] [Worker-Main-1/INFO]: Preparing spawn area: 2%
[21:03:58] [Worker-Main-1/INFO]: Preparing spawn area: 3%
[21:03:58] [Worker-Main-1/INFO]: Preparing spawn area: 3%
[21:03:59] [Worker-Main-1/INFO]: Preparing spawn area: 3%
[21:03:59] [Worker-Main-1/INFO]: Preparing spawn area: 3%
[21:04:00] [Worker-Main-1/INFO]: Preparing spawn area: 4%
[21:04:00] [Worker-Main-1/INFO]: Preparing spawn area: 4%
[21:04:01] [Worker-Main-1/INFO]: Preparing spawn area: 5%
[21:04:01] [Worker-Main-1/INFO]: Preparing spawn area: 12%
[21:04:02] [Worker-Main-1/INFO]: Preparing spawn area: 19%
[21:04:02] [Worker-Main-1/INFO]: Preparing spawn area: 22%
[21:04:03] [Worker-Main-1/INFO]: Preparing spawn area: 31%
[21:04:03] [Worker-Main-1/INFO]: Preparing spawn area: 34%
[21:04:04] [Worker-Main-1/INFO]: Preparing spawn area: 52%
[21:04:04] [Worker-Main-1/INFO]: Preparing spawn area: 64%
[21:04:05] [Worker-Main-1/INFO]: Preparing spawn area: 94%
[21:04:05] [Worker-Main-1/INFO]: Preparing spawn area: 96%
[21:04:06] [Server thread/INFO]: Time elapsed: 23857 ms
[21:04:06] [Server thread/INFO]: Preparing start region for dimension minecraft:the_nether
[21:04:09] [Worker-Main-1/INFO]: Preparing spawn area: 0%
[21:04:09] [Worker-Main-1/INFO]: Preparing spawn area: 0%
[21:04:09] [Worker-Main-1/INFO]: Preparing spawn area: 0%
[21:04:09] [Worker-Main-1/INFO]: Preparing spawn area: 0%
[21:04:09] [Worker-Main-1/INFO]: Preparing spawn area: 0%
[21:04:09] [Worker-Main-1/INFO]: Preparing spawn area: 0%
[21:04:09] [Worker-Main-1/INFO]: Preparing spawn area: 0%
[21:04:09] [Worker-Main-1/INFO]: Preparing spawn area: 0%
[21:04:10] [Worker-Main-1/INFO]: Preparing spawn area: 0%
[21:04:10] [Worker-Main-1/INFO]: Preparing spawn area: 0%
[21:04:11] [Worker-Main-1/INFO]: Preparing spawn area: 0%
[21:04:11] [Worker-Main-1/INFO]: Preparing spawn area: 0%
[21:04:12] [Worker-Main-1/INFO]: Preparing spawn area: 0%
[21:04:12] [Worker-Main-1/INFO]: Preparing spawn area: 0%
[21:04:13] [Worker-Main-1/INFO]: Preparing spawn area: 0%
[21:04:13] [Worker-Main-1/INFO]: Preparing spawn area: 1%
[21:04:14] [Worker-Main-1/INFO]: Preparing spawn area: 4%
[21:04:14] [Worker-Main-1/INFO]: Preparing spawn area: 4%
[21:04:15] [Worker-Main-1/INFO]: Preparing spawn area: 4%
[21:04:15] [Worker-Main-1/INFO]: Preparing spawn area: 4%
[21:04:16] [Worker-Main-1/INFO]: Preparing spawn area: 16%
[21:04:16] [Worker-Main-1/INFO]: Preparing spawn area: 24%
[21:04:17] [Worker-Main-1/INFO]: Preparing spawn area: 41%
[21:04:17] [Worker-Main-1/INFO]: Preparing spawn area: 52%
[21:04:18] [Worker-Main-1/INFO]: Preparing spawn area: 68%
[21:04:18] [Worker-Main-1/INFO]: Preparing spawn area: 86%
[21:04:19] [Server thread/INFO]: Time elapsed: 12766 ms
[21:04:19] [Server thread/INFO]: Preparing start region for dimension minecraft:the_end
[21:04:21] [Worker-Main-1/INFO]: Preparing spawn area: 0%
[21:04:21] [Worker-Main-1/INFO]: Preparing spawn area: 0%
[21:04:21] [Worker-Main-1/INFO]: Preparing spawn area: 0%
[21:04:21] [Worker-Main-1/INFO]: Preparing spawn area: 0%
[21:04:21] [Worker-Main-1/INFO]: Preparing spawn area: 0%
[21:04:21] [Worker-Main-1/INFO]: Preparing spawn area: 0%
[21:04:22] [Worker-Main-1/INFO]: Preparing spawn area: 0%
[21:04:22] [Worker-Main-1/INFO]: Preparing spawn area: 0%
[21:04:23] [Worker-Main-1/INFO]: Preparing spawn area: 2%
[21:04:23] [Worker-Main-1/INFO]: Preparing spawn area: 20%
[21:04:24] [Worker-Main-1/INFO]: Preparing spawn area: 24%
[21:04:24] [Worker-Main-1/INFO]: Preparing spawn area: 63%
[21:04:25] [Worker-Main-1/INFO]: Preparing spawn area: 88%
[21:04:25] [Server thread/INFO]: Time elapsed: 6097 ms
[21:04:25] [Server thread/INFO]: [Drugs] Enabling Drugs v6.2
[21:04:25] [Server thread/INFO]: [Drugs] Drugs by TheMindDroid.
[21:04:25] [Server thread/INFO]: [Drugs] Building drug recipes:
[21:04:25] [Server thread/INFO]: [Drugs] Generating recipe for Narcan...
[21:04:25] [Server thread/INFO]: [Drugs] Generating recipe for Cocaine...
[21:04:25] [Server thread/INFO]: [Drugs] Generating recipe for Heroin...
[21:04:25] [Server thread/INFO]: [Drugs] Generating recipe for Adderall...
[21:04:25] [Server thread/INFO]: [Drugs] Generating recipe for Steroids...
[21:04:25] [Server thread/INFO]: [Drugs] Generating recipe for Hennessy...
[21:04:25] [Server thread/INFO]: [Drugs] Generating recipe for Ketamine...
[21:04:25] [Server thread/INFO]: [Drugs] Generating recipe for Marijuana...
[21:04:25] [Server thread/INFO]: [Drugs] Generating recipe for LSD...
[21:04:25] [Server thread/INFO]: [Drugs] Generating recipe for Ecstasy...
[21:04:25] [Server thread/INFO]: [Drugs] Generating recipe for Ayahuasca...
[21:04:25] [Server thread/INFO]: [Drugs] Generating recipe for Shrooms...
[21:04:25] [Server thread/INFO]: [SimpleTpa] Enabling SimpleTpa v6.2
[21:04:25] [Server thread/INFO]: [0;33;1m[21m[SimpleTpa] If you need support contact me at https://discord.gg/SZUkza9[m
[21:04:25] [Server thread/INFO]: [0;33;1m[21m[SimpleTpa] Simple Tpa has been enabled on version 6.2[m
[21:04:25] [Server thread/INFO]: Enabled metrics. You may opt-out by changing plugins/bStats/config.yml
[21:04:25] [Server thread/INFO]: [PlayerKits] Enabling PlayerKits v2.25.1
[21:04:25] [Server thread/INFO]: [0;30;1m[[0;31;22mPlayerKits[0;30;1m] [0;33;1mHas been enabled! [0;37;1mVersion: 2.25.1[m
[21:04:25] [Server thread/INFO]: [0;30;1m[[0;31;22mPlayerKits[0;30;1m] [0;33;1mThanks for using my plugin!  [0;37;1m~Ajneb97[m
[21:04:26] [Server thread/INFO]: [OpeNLogin] Enabling OpeNLogin v1.6.3
[21:04:26] [Server thread/INFO]: [OpeNLogin] [0;34;1m   ___                __  __             _ [m
[21:04:26] [Server thread/INFO]: [OpeNLogin] [0;34;1m  /___\_ __   ___  /\ \ \/ /  ___   __ _(_)_ __[m
[21:04:26] [Server thread/INFO]: [OpeNLogin] [0;34;1m //  // '_ \ / _ \/  \/ / /  / _ \ / _` | | '_ \[m
[21:04:26] [Server thread/INFO]: [OpeNLogin] [0;34;1m/ \_//| |_) |  __/ /\  / /__| (_) | (_| | | | | |[m
[21:04:26] [Server thread/INFO]: [OpeNLogin] [0;34;1m\___/ | .__/ \___\_\ \/\____/\___/ \__, |_|_| |_|[m
[21:04:26] [Server thread/INFO]: [OpeNLogin] [0;34;1m      |_|                          |___/         [m
[21:04:26] [Server thread/INFO]: [OpeNLogin] [0;34;1mBy: www.nickuc.com / github.com/nickuc/OpeNLogin - V 1.6.3[m
[21:04:26] [Server thread/INFO]: [OpeNLogin] [m
[21:04:26] [Server thread/INFO]: [ViaVersion] Enabling ViaVersion v4.5.1
[21:04:26] [Server thread/INFO]: [CrucialAPI] Enabling CrucialAPI v2.1.7
[21:04:26] [Server thread/INFO]: §2CrucialAPI is now enabled (Version: 2.1.7) made by §b[ChafficPlugins].
[21:04:26] [Server thread/INFO]: [DrugFunV2] Enabling DrugFunV2 v1.0
[21:04:26] [Server thread/INFO]: DRUGFUNV2 -> VAULT WAS NOT FOUND
[21:04:26] [Server thread/INFO]: [ClickTpa] Enabling ClickTpa v1.7.1
[21:04:26] [Server thread/INFO]: [ClickTpa] ClickTPA has been loaded Successfully!
[21:04:26] [Server thread/INFO]: [ReviveMe] Enabling ReviveMe v0.4.4
[21:04:27] [Server thread/INFO]: [0;32;1mReviveMe enable[m
[21:04:27] [Server thread/INFO]: [WorldGuard] Enabling WorldGuard v7.0.7+216b061
[21:04:27] [Server thread/INFO]: [WorldGuard] (world) TNT ignition is PERMITTED.
[21:04:27] [Server thread/INFO]: [WorldGuard] (world) Lighters are PERMITTED.
[21:04:27] [Server thread/INFO]: [WorldGuard] (world) Lava fire is PERMITTED.
[21:04:27] [Server thread/INFO]: [WorldGuard] (world) Fire spread is UNRESTRICTED.
[21:04:27] [Server thread/INFO]: [WorldGuard] Loaded configuration for world 'world'
[21:04:27] [Server thread/INFO]: [WorldGuard] (world_nether) TNT ignition is PERMITTED.
[21:04:27] [Server thread/INFO]: [WorldGuard] (world_nether) Lighters are PERMITTED.
[21:04:27] [Server thread/INFO]: [WorldGuard] (world_nether) Lava fire is PERMITTED.
[21:04:27] [Server thread/INFO]: [WorldGuard] (world_nether) Fire spread is UNRESTRICTED.
[21:04:27] [Server thread/INFO]: [WorldGuard] Loaded configuration for world 'world_nether'
[21:04:27] [Server thread/INFO]: [WorldGuard] (world_the_end) TNT ignition is PERMITTED.
[21:04:27] [Server thread/INFO]: [WorldGuard] (world_the_end) Lighters are PERMITTED.
[21:04:27] [Server thread/INFO]: [WorldGuard] (world_the_end) Lava fire is PERMITTED.
[21:04:27] [Server thread/INFO]: [WorldGuard] (world_the_end) Fire spread is UNRESTRICTED.
[21:04:27] [Server thread/INFO]: [WorldGuard] Loaded configuration for world 'world_the_end'
[21:04:27] [Server thread/INFO]: [WorldGuard] Loading region data...
[21:04:27] [Server thread/INFO]: [LibsDisguises] Enabling LibsDisguises v10.0.32
[21:04:27] [Server thread/INFO]: [LibsDisguises] File Name: LibsDisguises-10.0.32-Free.jar
[21:04:27] [Server thread/INFO]: [LibsDisguises] Discovered nms version: v1_19_R2 (v1_19_R2)
[21:04:27] [Server thread/INFO]: [LibsDisguises] Jenkins Build: #1158
[21:04:27] [Server thread/INFO]: [LibsDisguises] Build Date: 03/02/2023 23:08
[21:04:27] [Server thread/WARN]: [LibsDisguises] If you own the plugin, place the premium jar downloaded from https://www.spigotmc.org/resources/libs-disguises.32453/ in plugins/LibsDisguises/
[21:04:27] [Server thread/INFO]: [LibsDisguises] You are running the free version, commands limited to non-players and operators. (Console, Command Blocks, Admins)
[21:04:30] [Server thread/INFO]: [LibsDisguises] Loaded custom disguise libraryaddict
[21:04:30] [Server thread/INFO]: [LibsDisguises] Loaded 1 custom disguise
[21:04:30] [Server thread/INFO]: [LibsDisguises] Config is up to date!
[21:04:30] [Server thread/INFO]: [BetterStructures] Enabling BetterStructures v1.4.2
[21:04:30] [Server thread/INFO]: [BetterStructures] Initialized!
[21:04:41] [Server thread/WARN]: [BetterStructures] Loaded class com.viaversion.viaversion.api.type.Type from ViaVersion v4.5.1 which is not a depend or softdepend of this plugin.
[21:04:41] [Server thread/INFO]: [Shopkeepers] Enabling Shopkeepers v2.16.4
[21:04:41] [Server thread/INFO]: [Shopkeepers] Loading the data of 1 shopkeepers ...
[21:04:41] [Server thread/INFO]: [VeinMiner] Enabling VeinMiner v2.0.0
[21:04:41] [Server thread/INFO]: [VeinMiner] Loading configuration options to local memory
[21:04:41] [Server thread/INFO]: [VeinMiner] Added 12 aliases.
[21:04:41] [Server thread/INFO]: [VeinMiner] Registered category with id "Axe" holding 6 unique items and 24 unique blocks.
[21:04:41] [Thread-13/INFO]: [VeinMiner] Using SQLITE for persistent storage.
[21:04:41] [Server thread/INFO]: [VeinMiner] Registered category with id "Hoe" holding 6 unique items and 10 unique blocks.
[21:04:41] [Server thread/INFO]: [VeinMiner] Registered category with id "Pickaxe" holding 6 unique items and 23 unique blocks.
[21:04:41] [Server thread/INFO]: [VeinMiner] Registered category with id "Shears" holding 1 unique items and 26 unique blocks.
[21:04:41] [Server thread/INFO]: [VeinMiner] Registered category with id "Shovel" holding 6 unique items and 9 unique blocks.
[21:04:41] [Server thread/INFO]: [VeinMiner] Registering commands
[21:04:41] [Server thread/INFO]: [VeinMiner] Performing an update check!
[21:04:41] [Server thread/INFO]: [VeinMiner] Registering events
[21:04:41] [Server thread/INFO]: [VeinMiner] Vault not found. Economy support suspended
[21:04:41] [Server thread/INFO]: [VeinMiner] Enabling Plugin Metrics
[21:04:41] [Server thread/INFO]: [VeinMiner] Thanks for enabling Metrics! The anonymous stats are appreciated
[21:04:41] [Server thread/INFO]: [BossLand] Enabling BossLand v0.8
[21:04:41] [Server thread/INFO]: [UltraSetHome] Enabling UltraSetHome v1.7.3
[21:04:42] [Thread-14/INFO]: [VeinMiner] You are on the latest version of VeinMiner.
[21:04:42] [Server thread/INFO]: [ChessAndMore] Enabling ChessAndMore v1.0
[21:04:42] [Server thread/INFO]: [GriefPrevention] Enabling GriefPrevention v16.18
[21:04:42] [Server thread/INFO]: [GriefPrevention] Finished loading configuration.
[21:04:42] [Server thread/INFO]: [GriefPrevention] 11 total claims loaded.
[21:04:43] [Server thread/INFO]: [GriefPrevention] Customizable messages loaded.
[21:04:43] [Server thread/INFO]: [GriefPrevention] Successfully hooked into WorldGuard.
[21:04:43] [Server thread/INFO]: [GriefPrevention] Finished loading data (File Mode).
[21:04:43] [Server thread/INFO]: [GriefPrevention] Boot finished.
[21:04:43] [Server thread/INFO]: [GSit] Enabling GSit v1.3.7
[21:04:43] [Server thread/INFO]: [0;37;22m[[0;33;22mGSit[0;37;22m][0;32;1m The plugin was successfully enabled.[m
[21:04:43] [Server thread/INFO]: [0;37;22m[[0;33;22mGSit[0;37;22m][0;32;1m Link with[0;33;22m WorldGuard[0;32;1m successful![m
[21:04:43] [Server thread/INFO]: [0;37;22m[[0;33;22mGSit[0;37;22m][0;32;1m Link with[0;33;22m GriefPrevention[0;32;1m successful![m
[21:04:44] [Server thread/INFO]: Server permissions file permissions.yml is empty, ignoring it
[21:04:44] [Server thread/INFO]: Done (74.958s)! For help, type "help"
[21:04:44] [Server thread/INFO]: Starting GS4 status listener
[21:04:44] [Server thread/INFO]: Thread Query Listener started
[21:04:44] [Query Listener #1/INFO]: Query running on 0.0.0.0:25565
[21:04:44] [Server thread/INFO]: [ViaVersion] ViaVersion detected server version: 1.19.3 (761)
[21:04:44] [Server thread/WARN]: [ViaVersion] ViaVersion does not have any compatible versions for this server version!
[21:04:44] [Server thread/WARN]: [ViaVersion] Please remember that ViaVersion only adds support for versions newer than the server version.
[21:04:44] [Server thread/WARN]: [ViaVersion] If you need support for older versions you may need to use one or more ViaVersion addons too.
[21:04:44] [Server thread/WARN]: [ViaVersion] In that case please read the ViaVersion resource page carefully or use https://jo0001.github.io/ViaSetup
[21:04:44] [Server thread/WARN]: [ViaVersion] and if you're still unsure, feel free to join our Discord-Server for further assistance.
[21:04:44] [Server thread/INFO]: [UltraSetHome] WorldGuard hooked successfully.
[21:04:45] [Server thread/INFO]: [ViaVersion] Finished mapping loading, shutting down loader executor!
[21:04:46] [Craft Scheduler Thread - 4/INFO]: [BetterStructures] Latest public release is 1.4.2
[21:04:46] [Craft Scheduler Thread - 4/INFO]: [BetterStructures] Your version is 1.4.2
[21:04:46] [Server thread/INFO]: [UltraSetHome] You are using the latest version of UltraSetHome.
[21:04:47] [Craft Scheduler Thread - 4/INFO]: [BetterStructures] You are running the latest version!
[21:04:48] [Craft Scheduler Thread - 1/INFO]: [0;36;22m[ReviveMe] [0;31;1mThere is not a new update available.[m
[21:11:00] [Server thread/INFO]: Stopping the server
[21:11:00] [Server thread/INFO]: Stopping server
[21:11:00] [Server thread/INFO]: [GSit] Disabling GSit v1.3.7
[21:11:00] [Server thread/INFO]: [0;37;22m[[0;33;22mGSit[0;37;22m][0;32;1m The plugin was successfully disabled.[m
[21:11:00] [Server thread/INFO]: [GriefPrevention] Disabling GriefPrevention v16.18
[21:11:00] [Server thread/INFO]: [GriefPrevention] GriefPrevention disabled.
[21:11:00] [Server thread/INFO]: [ChessAndMore] Disabling ChessAndMore v1.0
[21:11:00] [Server thread/INFO]: [UltraSetHome] Disabling UltraSetHome v1.7.3
[21:11:00] [Server thread/INFO]: [BossLand] Disabling BossLand v0.8
[21:11:00] [Server thread/INFO]: [VeinMiner] Disabling VeinMiner v2.0.0
[21:11:00] [Server thread/INFO]: [VeinMiner] Clearing localized data
[21:11:00] [Server thread/INFO]: [Shopkeepers] Disabling Shopkeepers v2.16.4
[21:11:00] [Server thread/INFO]: [BetterStructures] Disabling BetterStructures v1.4.2
[21:11:00] [Server thread/INFO]: [BetterStructures] Shutdown!
[21:11:00] [Server thread/INFO]: [LibsDisguises] Disabling LibsDisguises v10.0.32
[21:11:00] [Server thread/INFO]: [WorldGuard] Disabling WorldGuard v7.0.7+216b061
[21:11:00] [Server thread/INFO]: [WorldGuard] Shutting down executor and cancelling any pending tasks...
[21:11:00] [Server thread/INFO]: [ProtocolLib] Disabling ProtocolLib v5.0.0-SNAPSHOT-b614
[21:11:00] [Server thread/INFO]: [ReviveMe] Disabling ReviveMe v0.4.4
[21:11:00] [Server thread/INFO]: [0;31;22mReviveMe disable[m
[21:11:00] [Server thread/INFO]: [ClickTpa] Disabling ClickTpa v1.7.1
[21:11:00] [Server thread/INFO]: [DrugFunV2] Disabling DrugFunV2 v1.0
[21:11:00] [Server thread/INFO]: [CrucialAPI] Disabling CrucialAPI v2.1.7
[21:11:00] [Server thread/INFO]: §2CrucialAPI is now disabled.
[21:11:00] [Server thread/INFO]: [PowerRanks] Disabling PowerRanks v1.10.5R2
[21:11:00] [Server thread/INFO]: [PowerRanks] Disabled PowerRanks v1.10.5R2
[21:11:00] [Server thread/INFO]: [ViaVersion] Disabling ViaVersion v4.5.1
[21:11:00] [Server thread/INFO]: [ViaVersion] ViaVersion is disabling, if this is a reload and you experience issues consider rebooting.
[21:11:00] [Server thread/INFO]: [OpeNLogin] Disabling OpeNLogin v1.6.3
[21:11:00] [Server thread/INFO]: [PlayerKits] Disabling PlayerKits v2.25.1
[21:11:00] [Server thread/INFO]: [0;30;1m[[0;31;22mPlayerKits[0;30;1m] [0;33;1mHas been disabled! [0;37;1mVersion: 2.25.1[m
[21:11:00] [Server thread/INFO]: [WorldEdit] Disabling WorldEdit v7.2.13+46576cc
[21:11:00] [Server thread/INFO]: Unregistering com.sk89q.worldedit.bukkit.BukkitServerInterface from WorldEdit
[21:11:00] [Server thread/INFO]: [SimpleTpa] Disabling SimpleTpa v6.2
[21:11:00] [Server thread/INFO]: [0;36;1m[21m[SimpleTpa] If you need support contact me at https://discord.gg/SZUkza9[m
[21:11:00] [Server thread/INFO]: [0;36;1m[21m[SimpleTpa] Simple Tpa has been disabled on version 6.2[m
[21:11:00] [Server thread/INFO]: [Drugs] Disabling Drugs v6.2
[21:11:00] [Server thread/INFO]: [Drugs] Unregistering recipe for Narcan...
[21:11:00] [Server thread/INFO]: [Drugs] Unregistering recipe for Cocaine...
[21:11:00] [Server thread/INFO]: [Drugs] Unregistering recipe for Heroin...
[21:11:00] [Server thread/INFO]: [Drugs] Unregistering recipe for Adderall...
[21:11:00] [Server thread/INFO]: [Drugs] Unregistering recipe for Steroids...
[21:11:00] [Server thread/INFO]: [Drugs] Unregistering recipe for Hennessy...
[21:11:00] [Server thread/INFO]: [Drugs] Unregistering recipe for Ketamine...
[21:11:00] [Server thread/INFO]: [Drugs] Unregistering recipe for Marijuana...
[21:11:00] [Server thread/INFO]: [Drugs] Unregistering recipe for LSD...
[21:11:00] [Server thread/INFO]: [Drugs] Unregistering recipe for Ecstasy...
[21:11:00] [Server thread/INFO]: [Drugs] Unregistering recipe for Ayahuasca...
[21:11:00] [Server thread/INFO]: [Drugs] Unregistering recipe for Shrooms...
[21:11:00] [Server thread/INFO]: Drugs plugin has terminated.
[21:11:00] [Server thread/INFO]: Saving players
[21:11:00] [Server thread/INFO]: Saving worlds
[21:11:05] [Server thread/INFO]: Saving chunks for level 'ServerLevel[world]'/minecraft:overworld
[21:11:10] [Server thread/INFO]: Saving chunks for level 'ServerLevel[world_nether]'/minecraft:the_nether
[21:11:10] [Server thread/INFO]: Saving chunks for level 'ServerLevel[world_the_end]'/minecraft:the_end
[21:11:11] [Server thread/INFO]: ThreadedAnvilChunkStorage (world): All chunks are saved
[21:11:11] [Server thread/INFO]: ThreadedAnvilChunkStorage (DIM-1): All chunks are saved
[21:11:11] [Server thread/INFO]: ThreadedAnvilChunkStorage (DIM1): All chunks are saved
[21:11:11] [Server thread/INFO]: ThreadedAnvilChunkStorage: All dimensions are saved
[21:11:12] [Server thread/INFO]: Thread Query Listener stopped
