00:20 AnXin     : ee
00:20 AnXin     : qa day
00:21 AnXin     : nãy vào game chọn yes chưa
00:21 AnXin     : a t quen
00:27 daxaymaymu: surrendef de
00:41 AnXin     : https://cloud.rfgm.me/s/fDpBcJXjJMjMdnj/download/ChessAndMore.zip
01:09 daxaymaymu: k dung dc tp here
01:11 daxaymaymu placed suspicious WATER_BUCKET @ world: x374, z-657
01:12 daxaymaymu placed suspicious WATER_BUCKET @ world: x504, z-641
01:14 AnXin     : cc gi v
01:14 daxaymaymu: alo long be oi
01:14 wylong    : j
01:16 AnXin     : adu
01:17 AnXin     : hut can l
01:20 daxaymaymu: xem thanh tuu bam nut nao a
01:20 wylong    : tim gach da o dau ak
01:20 daxaymaymu: cai nao
01:20 daxaymaymu: ganh da la cc gi
01:21 wylong    : \
01:21 daxaymaymu: ra day
01:22 daxaymaymu: cho t xem t m oi biet loai nao chu
01:22 wylong    : t ko co vien day
01:22 daxaymaymu: ra nha tao xem co vien day khong
01:22 wylong    : m co home o stronghold ko
01:23 wylong    : t cần mấy viên đá ở đấy
01:24 daxaymaymu: may cai day gach do do kia a
01:24 wylong    : uk
01:25 daxaymaymu: nung netherack len
01:26 daxaymaymu: r lay 4 vien ganh nether ve ghep vao
01:28 wylong    : ok tks
01:30 daxaymaymu placed suspicious WATER_BUCKET @ world: x573, z-687
01:30 daxaymaymu placed suspicious WATER_BUCKET @ world: x573, z-687
01:30 daxaymaymu placed suspicious WATER_BUCKET @ world: x573, z-687
01:30 daxaymaymu placed suspicious WATER_BUCKET @ world: x573, z-687
01:30 wylong    : thế còn viên gạch xây nhà thì sao
01:30 daxaymaymu placed suspicious WATER_BUCKET @ world: x573, z-687
01:30 daxaymaymu placed suspicious WATER_BUCKET @ world: x573, z-687
01:30 daxaymaymu placed suspicious WATER_BUCKET @ world: x573, z-687
01:30 daxaymaymu placed suspicious WATER_BUCKET @ world: x572, z-688
01:30 daxaymaymu placed suspicious WATER_BUCKET @ world: x572, z-688
01:31 daxaymaymu placed suspicious WATER_BUCKET @ world: x573, z-685
01:31 wylong    : là cái viên icon của mục các khối ý
01:31 daxaymaymu placed suspicious WATER_BUCKET @ world: x584, z-693
01:31 daxaymaymu placed suspicious WATER_BUCKET @ world: x584, z-695
01:31 daxaymaymu: k biet lam
01:31 daxaymaymu: chua lam bh
01:32 wylong    : :V
06:09 AnXin     : reload
16:25 wylong    : -1851 63 2527
17:24 __Aqua_   : muot phet
17:24 SirWiggums: qua day danh co
17:24 SirWiggums: tp qua day
17:25 SirWiggums: zo
17:25 __Aqua_   : di kieu loz j
17:25 SirWiggums: vao dí
17:25 SirWiggums: vao dis
17:25 SirWiggums: vao dis di
21:33 wylong    : home 1
22:50 wylong    : đông đang làm j v
22:55 wylong    : ee
22:56 wylong    : e
22:56 daxaymaymu: j
22:57 wylong    : còn có nhiều gỗ vân sam ko
22:57 wylong    : cho xin với
22:57 daxaymaymu: k tu di ma chat
22:57 daxaymaymu: xin cl
22:57 daxaymaymu: mua thi ban\
22:57 wylong    : bán bằng j
23:01 daxaymaymu: kc
23:01 wylong    : m nhìn t xem
23:01 wylong    : ko có nổi bộ giáp sắt
23:01 wylong    : kc đâu ra
23:01 daxaymaymu: do m ngu
23:01 daxaymaymu: the tu di chat di
