00:15 ChowChow  : t
00:29 daxaymaymu: cai lz
00:37 AnXin     : ./kit
00:37 __Aqua_   : ghe
00:37 AnXin     : Co VeinMiner
00:37 __Aqua_   : cho t vjp ddi
00:38 AnXin     : Nap di
00:38 __Aqua_   : nap bao nhieu
00:38 AnXin     : Ai biet
00:41 __Aqua_   : cho em vao cai bang voi anh
00:41 AnXin     : di lum rac di guy
00:42 AnXin     : adu Vip
00:44 __Aqua_   : cai djt
01:10 ChowChow  : e
01:28 wylong    : ??
01:28 wylong    : ngu
01:28 ChowChow  : thang ngheo
01:34 wylong    : you can go out
01:35 wylong    : CHA LAM DC J
01:35 wylong    : NHIN CHAN V\
02:47 ChowChow  : t
02:51 ChowChow  : t
04:21 __Aqua_   : 54 -73
04:24 bangcbvn  : \
05:10 ChowChow  : t
11:04 SirWiggums placed suspicious WATER_BUCKET @ world: x445, z-527
11:10 wylong    : 2177 72 129
13:51 ChowChow  : k
13:51 ChowChow  : hnay k co tiet
16:42 SirWiggums placed suspicious WATER_BUCKET @ world: x488, z-711
16:42 SirWiggums placed suspicious WATER_BUCKET @ world: x497, z-720
16:42 SirWiggums placed suspicious WATER_BUCKET @ world: x503, z-722
17:39 wylong placed suspicious WATER_BUCKET @ world: x542, z-619
17:39 wylong placed suspicious WATER_BUCKET @ world: x542, z-619
17:39 wylong placed suspicious WATER_BUCKET @ world: x542, z-619
18:00 wylong placed suspicious WATER_BUCKET @ world: x383, z-655
18:03 wylong placed suspicious WATER_BUCKET @ world: x434, z-686
18:14 daxaymaymu: uong nc kieu gi
18:16 daxaymaymu: alo
18:18 SirWiggums: gi
18:24 daxaymaymu: dmm
18:24 SirWiggums: thu di cho biet :V
18:24 daxaymaymu: uong nuoc kieu lz gi
18:24 SirWiggums: chet khat cuu k duoc
18:24 SirWiggums: :))))
18:24 daxaymaymu: co thuoc no k
18:24 daxaymaymu: tao mua bang kc
18:24 SirWiggums: t da choi duoc gi dau
18:25 SirWiggums: vua den do sat
18:25 daxaymaymu: vao day nch
18:25 daxaymaymu: a ban do cho
18:25 SirWiggums: doi lam not cai nay
18:25 daxaymaymu: a giau lam
18:28 wylong    : NGU
18:50 daxaymaymu: ngu dmm
18:56 __Aqua_   : vcl
18:56 __Aqua_   : uong nuoc kieu loz j
18:57 AnXin     : Uống thôi
18:57 __Aqua_   : djt
18:57 AnXin     : uống các loại nước thì lên nước
18:57 __Aqua_   : phai uoong = binh` a
18:57 AnXin     : uh
18:57 __Aqua_   : nhu loz
18:57 __Aqua_   : :))
18:57 AnXin     : uoongs bằng nước kia bị ngộ độc chet
18:58 AnXin     : ./kit
18:58 AnXin     : ấn điểm danh hàng ngày xem được k
18:58 __Aqua_   : dc cai j dau
18:58 AnXin     : hmmm
19:00 __Aqua_   : eeee
19:00 __Aqua_   : uong nuoc deo j dc it the
19:00 __Aqua_   : nhu cai loz
19:00 __Aqua_   : 1 binh nuoc len co3%
19:00 __Aqua_   : ma tut nuoc nhu tut quan
19:00 ChowChow  : vai lon
19:01 __Aqua_   : nhu cai dau buoi
19:01 AnXin     : 20s tut 1 nuoc
19:01 AnXin     : 2000s moi het nuoc ma
19:03 daxaymaymu: song r
19:03 __Aqua_   : sao t chet :))
19:04 daxaymaymu: ai ban ngoc luu ly k
19:04 ChowChow  : Vu ban sach k
19:05 AnXin     : mo kit len thay gi k ?
19:07 ChowChow  : ban sach de Vu
19:08 __Aqua_   : vcl
19:09 __Aqua_   : m dinh lam cai deo j a
19:09 daxaymaymu: sao
19:10 __Aqua_   : :))
19:11 __Aqua_   : xoa cai khat nuoc de
19:11 __Aqua_   : nhu cc
19:11 daxaymaymu: uong dc it lam
19:11 __Aqua_   : loz
19:11 __Aqua_   : ai lai uong sua thay nuoc
19:11 __Aqua_   : djt
19:11 __Aqua_   : vai cac
19:11 __Aqua_   : cai djt
19:11 __Aqua_   : m tu bucu dc k?
19:12 __Aqua_   : djtme
19:12 __Aqua_   : th lon buff ban nay
19:13 __Aqua_   : uong 1 binh nuoc day luon
19:13 __Aqua_   : m uong 1 binh nuoc ngoai doi no me r
19:13 ChowChow  : xoa me di
19:24 ChowChow  : ChowChow
21:35 AnXin     : Thirst
22:05 wylong    : hi
22:06 bangcbvn  : gi
22:07 bangcbvn  : m tim cai gi o nha tao
22:07 wylong    : ?? WHAT
22:07 bangcbvn  : what cc j
22:07 wylong    : U CAM SP EL
22:07 bangcbvn  : may o day lam j
22:07 bangcbvn  : ?
22:07 wylong    : U CAN GIME DI
22:08 bangcbvn  : may noi cc jthe
22:08 wylong    : BYE
22:08 bangcbvn  : thieu nang vck
22:09 wylong    : hey
22:09 bangcbvn  : noi me may di
22:09 wylong    : ko co j
22:09 bangcbvn  : m biet sua tieng viet khong
22:09 bangcbvn  : kcj ak
22:09 bangcbvn  : :))
22:10 wylong    : i'm human not dog
22:10 bangcbvn  : not cc
22:10 bangcbvn  : sai con the hien
22:15 AnXin     : dc r
22:15 AnXin     : dang nhap lai cai di
22:33 ChowChow  : discord ban oi
22:34 bangcbvn  : co than ko b
22:34 AnXin     : ai test đồ k
22:38 ChowChow  : discord ban oi
22:49 wylong placed suspicious WATER_BUCKET @ world: x540, z-615
