00:47 bangcbvn  : discot
03:36 bangcbvn placed suspicious WATER_BUCKET @ world: x373, z-663
03:37 bangcbvn placed suspicious WATER_BUCKET @ world: x370, z-669
13:05 AnXin     : hoi gi
13:05 AnXin     : ?
13:05 AnXin     : adu
16:22 daxaymaymu placed suspicious WATER_BUCKET @ world: x371, z-659
16:23 daxaymaymu placed suspicious WATER_BUCKET @ world: x382, z-654
16:51 bangcbvn  : disscot de
16:51 ChowChow  : toi dang tren lop ban oi
16:52 bangcbvn  : m co thua cuc nether nao k
16:56 bangcbvn  : alo
16:56 bangcbvn  : b con ngoc lu ly ko
16:56 ChowChow  : oi
16:56 ChowChow  : het roi
17:24 bangcbvn placed suspicious LAVA_BUCKET @ world: x385, z-654
17:25 bangcbvn placed suspicious LAVA_BUCKET @ world: x380, z-648
17:25 bangcbvn placed suspicious WATER_BUCKET @ world: x379, z-648
17:26 bangcbvn placed suspicious LAVA_BUCKET @ world: x380, z-655
17:26 bangcbvn placed suspicious WATER_BUCKET @ world: x381, z-654
17:26 bangcbvn placed suspicious WATER_BUCKET @ world: x381, z-655
17:26 bangcbvn placed suspicious WATER_BUCKET @ world: x377, z-654
17:26 bangcbvn placed suspicious WATER_BUCKET @ world: x378, z-654
17:26 bangcbvn placed suspicious WATER_BUCKET @ world: x383, z-656
17:26 bangcbvn placed suspicious WATER_BUCKET @ world: x385, z-653
17:27 bangcbvn placed suspicious WATER_BUCKET @ world: x385, z-654
17:27 bangcbvn placed suspicious WATER_BUCKET @ world: x385, z-655
20:22 ChowChow  : alo
20:22 ChowChow  : vao discord de
23:38 AnXin     : ./chess leave
23:55 AnXin     : ./chess leave
