00:58 wylong    : lag
01:31 bangcbvn  : \
02:23 daxaymaymu: bangc
02:39 __Aqua_ placed suspicious WATER_BUCKET @ world: x416, z-739
02:41 __Aqua_   : adu sao co cai thap tren kia ne
02:44 __Aqua_   : :))
12:39 daxaymaymu: lz
12:39 AnXin     : gi
12:57 AnXin     : dang lam gi
12:57 AnXin     : Xin 7s
12:58 daxaymaymu: xin cc
12:58 AnXin     : sau 10s /login lai nhe
13:16 daxaymaymu: minh lz an com chua
13:16 AnXin     : chua
13:16 AnXin     : nay an sang muon
13:22 AnXin     : nghỉ đi
13:22 AnXin     : tis 2h chơi tiếp
13:23 AnXin     : alo
13:23 daxaymaymu: cc
13:23 daxaymaymu: m lam gi
13:23 AnXin     : add boss
13:23 daxaymaymu: may h choi dc
13:23 AnXin     : deo biet
13:23 AnXin     : :v
13:23 AnXin     : out di
13:24 daxaymaymu: save di
13:34 AnXin     : aaaaaaaaa
13:35 AnXin     : eee
17:55 bangcbvn placed suspicious LAVA_BUCKET @ world: x373, z-676
17:55 bangcbvn placed suspicious LAVA_BUCKET @ world: x361, z-676
17:56 bangcbvn placed suspicious LAVA_BUCKET @ world: x364, z-667
17:56 bangcbvn placed suspicious LAVA_BUCKET @ world: x366, z-667
18:03 bangcbvn placed suspicious LAVA_BUCKET @ world: x366, z-663
18:03 bangcbvn placed suspicious LAVA_BUCKET @ world: x365, z-663
18:03 bangcbvn placed suspicious LAVA_BUCKET @ world: x364, z-663
18:03 bangcbvn placed suspicious LAVA_BUCKET @ world: x365, z-664
18:03 bangcbvn placed suspicious LAVA_BUCKET @ world: x365, z-665
18:03 bangcbvn placed suspicious LAVA_BUCKET @ world: x364, z-665
18:03 bangcbvn placed suspicious LAVA_BUCKET @ world: x363, z-664
18:03 bangcbvn placed suspicious LAVA_BUCKET @ world: x369, z-656
18:03 bangcbvn placed suspicious LAVA_BUCKET @ world: x369, z-657
18:03 bangcbvn placed suspicious LAVA_BUCKET @ world: x368, z-656
18:03 bangcbvn placed suspicious LAVA_BUCKET @ world: x368, z-657
18:03 bangcbvn placed suspicious LAVA_BUCKET @ world: x368, z-656
18:03 bangcbvn placed suspicious LAVA_BUCKET @ world: x369, z-655
18:03 bangcbvn placed suspicious LAVA_BUCKET @ world: x367, z-659
18:03 bangcbvn placed suspicious LAVA_BUCKET @ world: x369, z-659
18:04 bangcbvn placed suspicious LAVA_BUCKET @ world: x367, z-658
18:04 bangcbvn placed suspicious LAVA_BUCKET @ world: x367, z-659
18:04 bangcbvn placed suspicious LAVA_BUCKET @ world: x366, z-659
18:04 bangcbvn placed suspicious LAVA_BUCKET @ world: x366, z-660
18:04 bangcbvn placed suspicious LAVA_BUCKET @ world: x368, z-659
18:04 bangcbvn placed suspicious LAVA_BUCKET @ world: x374, z-661
18:04 bangcbvn placed suspicious LAVA_BUCKET @ world: x373, z-661
18:04 bangcbvn placed suspicious LAVA_BUCKET @ world: x372, z-661
18:04 bangcbvn placed suspicious LAVA_BUCKET @ world: x374, z-660
18:04 bangcbvn placed suspicious LAVA_BUCKET @ world: x375, z-660
18:04 bangcbvn placed suspicious LAVA_BUCKET @ world: x372, z-665
18:04 bangcbvn placed suspicious LAVA_BUCKET @ world: x369, z-666
18:05 bangcbvn  : \
18:55 wylong    : \
23:12 AnXin     : muot k
23:16 AnXin     : eee
23:17 AnXin     : xin 30s
23:17 AnXin     : a thoi ke me di
23:17 AnXin     : k can
23:50 bangcbvn  : daxaymaymu
23:50 bangcbvn  : wd
