07:34 SirWiggums: ngu di
07:37 SirWiggums: lam van co
07:37 SirWiggums: lam van co
07:38 __Aqua_   : ok
07:38 SirWiggums: sao nhin cai cay no ghe? vay ta
07:38 SirWiggums: hay chua xay xong
07:38 __Aqua_   : :))
07:38 SirWiggums: :)))
07:39 __Aqua_   : dc
07:39 __Aqua_   : qua sildur ngon
07:39 __Aqua_   : a deo ngon r
07:39 SirWiggums: shader sildur ah
07:39 __Aqua_   : mat troi deo choi
07:39 SirWiggums: bi sao
07:39 SirWiggums: :)))
07:40 __Aqua_   : cai beyond van ok nhat
07:40 SirWiggums: dau de thu
07:43 SirWiggums: ZO
07:44 SirWiggums: cai dit
07:44 __Aqua_   : :))
07:45 SirWiggums: co duoc k
07:45 SirWiggums: thap sung quanh di
07:45 __Aqua_   : thap j
07:45 SirWiggums: thap duoc
07:45 __Aqua_   : deo co
07:45 __Aqua_   : :))
07:47 SirWiggums: cam cai xuong len
07:47 SirWiggums: cai dit
07:48 SirWiggums: xuong
07:48 SirWiggums: cam cuc xuong
07:51 SirWiggums: chieu tuong r
07:52 SirWiggums: cc gi the
07:52 __Aqua_   : bu cac
07:52 SirWiggums: chieu tuong r
07:55 __Aqua_   : ua :))
07:55 __Aqua_   : tuong het co van di dc
07:56 SirWiggums: Nay la Hoa
07:56 __Aqua_   : sao lai hoa
07:56 SirWiggums: luat la the
07:56 __Aqua_   : wtf:))
07:56 SirWiggums: gio lam cai cc gi
07:56 __Aqua_   : choi tiep chu lam cc gi :))
07:56 SirWiggums: :D
07:56 SirWiggums: zo
07:59 SirWiggums: dm ngu r
07:59 SirWiggums: may qua k mat hau :))
07:59 __Aqua_   : :))
07:59 __Aqua_   : vc
08:02 SirWiggums: mat hau ne
08:02 __Aqua_   : adu gke
08:04 __Aqua_   : ua :))
08:04 SirWiggums: Ua
08:05 SirWiggums: Ua
08:05 SirWiggums: t an duoc xe cua m ma nhi
08:05 __Aqua_   : :v
08:05 SirWiggums: a deo
08:06 SirWiggums: he he
08:06 __Aqua_   : djt
08:08 SirWiggums: adu
08:08 __Aqua_   : o
08:08 __Aqua_   : ngu r :))
08:10 __Aqua_   : djt
08:10 SirWiggums: hehehe
08:10 __Aqua_   : :)))
08:10 __Aqua_   : a
08:10 __Aqua_   : tao ra cho nay kieu j
08:11 SirWiggums: buon ngu r day
08:11 SirWiggums: Op moi lam duoc
08:11 __Aqua_   : :v
08:11 SirWiggums: thoat ra thi /chess leave
08:11 SirWiggums: not tran di ngu
08:12 SirWiggums: cai dit
08:14 SirWiggums: :)))
08:14 __Aqua_   : dm :))
08:14 SirWiggums: het nuoc
08:15 SirWiggums: nha thang lon nay xay 2 3 ngay chua xong
08:15 __Aqua_   : no cung cham chi vc
08:15 SirWiggums: uh :)))
08:15 SirWiggums: cam cup da di farm do de xay nha
08:16 SirWiggums: nha t xay trong 5s
08:16 __Aqua_   : th nay buff ban
08:16 SirWiggums: co deo dau
08:16 SirWiggums: t thay can nha dep
08:16 __Aqua_   : deo ai xay nha trong 5s tru m day
08:16 SirWiggums: the la t claim luon
08:17 SirWiggums: m muon co nha k ?
08:17 SirWiggums: theo t
08:17 __Aqua_   : m hack ra dung k =]]
08:17 SirWiggums: ko
08:17 SirWiggums: di theo t
08:18 SirWiggums: co do an k
08:19 SirWiggums: ne
08:19 __Aqua_   : adu vai c
08:19 SirWiggums: bay len kia di
08:19 SirWiggums: luoi chay bo vc
08:19 SirWiggums: cc gi v
08:20 SirWiggums: det
08:20 SirWiggums: bu di
08:20 SirWiggums:  placed a sign @ world: x-12, z-599
  cc
08:20 __Aqua_   : :)) nha tho ma
08:20 SirWiggums: :))))))
08:21 SirWiggums: cung duoc ma
08:21 __Aqua_   : vc
08:21 SirWiggums: o trong nay ma dit nhau thi phe
08:21 __Aqua_   : len day
08:21 __Aqua_   : :))
08:22 SirWiggums: det
08:22 __Aqua_   : :))
08:22 SirWiggums: cdit
08:22 SirWiggums: dm no an thit
08:23 SirWiggums: chu no k dat nuoc
08:23 SirWiggums: loz
08:23 __Aqua_   : nat cai non r :))
08:23 SirWiggums: cai dit
08:23 __Aqua_   : :))
08:23 SirWiggums: me an nham
08:23 SirWiggums: thoi nghi
08:24 SirWiggums: di ngu :)))
08:24 __Aqua_   : ok
14:26 SirWiggums placed suspicious WATER_BUCKET @ world: x376, z-508
14:27 SirWiggums placed suspicious WATER_BUCKET @ world: x375, z-502
14:27 SirWiggums placed suspicious WATER_BUCKET @ world: x363, z-499
14:27 SirWiggums placed suspicious WATER_BUCKET @ world: x362, z-497
14:27 SirWiggums placed suspicious WATER_BUCKET @ world: x359, z-499
14:27 SirWiggums placed suspicious WATER_BUCKET @ world: x359, z-498
14:28 SirWiggums placed suspicious WATER_BUCKET @ world: x317, z-473
14:28 SirWiggums placed suspicious WATER_BUCKET @ world: x280, z-490
14:28 SirWiggums placed suspicious WATER_BUCKET @ world: x256, z-482
14:31 SirWiggums placed suspicious WATER_BUCKET @ world: x-163, z-352
15:37 SirWiggumsMinh: dm nham nick
15:37 __Aqua_       : a thang nay hack
15:38 __Aqua_       : adu
15:40 SirWiggums    : zo
15:42 __Aqua_       : qua day
15:42 SirWiggums    : m dau
15:42 SirWiggums    : boss random ma`
15:42 SirWiggums    : ua
15:42 SirWiggums    : nham
15:43 SirWiggums    : dau r
15:44 __Aqua_       : ua
15:44 SirWiggums    : Ua
15:44 __Aqua_       : a day
15:46 SirWiggums    : dm nhu cc
15:47 __Aqua_       : chui me duoi hang
15:47 __Aqua_       : dcm
15:48 SirWiggums    : adu
15:48 SirWiggums    : zom dan lang ne
15:48 __Aqua_       : bu di
15:50 __Aqua_       : wtf
15:50 SirWiggums    : clgt
15:50 SirWiggums    : cai lon gi day
15:52 SirWiggums    : cai dit
15:52 __Aqua_       : de t ve lay thuoc :))
15:54 SirWiggums    : dang trong can
15:55 __Aqua_       : djt
15:55 SirWiggums    : gi
15:55 __Aqua_       : mat r
15:55 SirWiggums    : dit
15:55 SirWiggums    : trong ham con 1 con dan lang ma
15:56 __Aqua_       : ai cha
15:56 SirWiggums    : cai dit
15:56 __Aqua_       : :))
15:56 __Aqua_       : kham pha hang dong mu di
15:57 __Aqua_       : adu
15:57 SirWiggums    : gi
15:58 __Aqua_       : co thang nao di me r
15:58 SirWiggums    : uh
15:58 SirWiggums    : nhu cc
16:00 SirWiggums    : t di tim hat giong trong can day
16:00 __Aqua_       : vc nghien
16:00 SirWiggums    : :)))
16:02 SirWiggums placed suspicious WATER_BUCKET @ world: x443, z-332
16:06 SirWiggums    : dm tim kho the nhi
16:06 SirWiggums    : zo co di
16:06 __Aqua_       : ok
16:06 SirWiggums    : a thay r
16:06 SirWiggums    : doi ti
16:07 SirWiggums placed suspicious WATER_BUCKET @ world: x-203, z-69
16:12 SirWiggums    : fan m a`
16:12 __Aqua_       : dung r
16:14 __Aqua_       : fan m kia
16:14 __Aqua_       : dm
16:14 SirWiggums    : :)))
16:14 SirWiggums    : cai dit
16:15 __Aqua_       : ua
16:15 __Aqua_       : m di cai nao
16:15 SirWiggums    : gi
16:15 SirWiggums    : cai nay
16:17 SirWiggums    : he he
16:17 SirWiggums    : adu
16:18 SirWiggums    : ghe day
16:21 SirWiggums    : ua
16:21 SirWiggums    : sao t ngu the nhi
16:25 __Aqua_       : dm
16:26 SirWiggums    : ghe
16:26 SirWiggums    : Ua
16:26 SirWiggums    : sao an duoc nhu nay
16:26 __Aqua_       : :)) wtf
16:26 SirWiggums    : wtf
16:26 SirWiggums    : lozz
16:28 SirWiggums    : :)))
16:28 __Aqua_       : :))
16:31 __Aqua_       : deo co giuong
16:31 SirWiggums    : cai dit
16:31 SirWiggums    : Ua
16:32 __Aqua_       : :)))
16:34 SirWiggums    : adu
16:35 __Aqua_       : djt
16:35 SirWiggums    : lag cmnr
16:35 SirWiggums    : m di con nao
16:36 SirWiggums    : cai dit
16:36 __Aqua_       : =]]
16:36 SirWiggums    : Ua
16:36 SirWiggums    : thua me r
16:37 SirWiggums    : m di con nay
16:37 SirWiggums    : la t thua
16:37 SirWiggums    : a deo
16:38 __Aqua_       : adu :))
16:38 SirWiggums    : :)))
16:39 SirWiggums    : hahaha
16:39 __Aqua_       : o
16:40 __Aqua_       : djtme
16:40 SirWiggums    : chieu tuong r
16:40 __Aqua_       : a
16:41 __Aqua_       : djt
16:41 SirWiggums    : :))
16:41 __Aqua_       : 2 tuong dam nhau a
16:41 SirWiggums    : t phong hau
16:41 SirWiggums    : sao dam nhau duoc
16:41 __Aqua_       : phong c c:))
16:43 SirWiggums    : :))
16:43 __Aqua_       : djt
16:43 __Aqua_       : dkt
16:44 SirWiggums    : :D
16:44 __Aqua_       : me :)))
16:44 __Aqua_       : hay day
16:44 __Aqua_       : tiep k
16:44 SirWiggums    : zo
16:47 __Aqua_       : :)))
16:47 SirWiggums    : :))
16:47 SirWiggums    : di ngu di
16:47 __Aqua_       : deo co giuong
16:47 SirWiggums    : sao m deo co
16:47 __Aqua_       : hack ra cho t :))
16:48 SirWiggums    : caid it
16:48 SirWiggums    : choi di
16:50 SirWiggums    : dm nham
16:50 SirWiggums    : t an o duoi ma
16:50 __Aqua_       : =]]
16:50 SirWiggums    : cai lonnnn'
16:51 __Aqua_       : hay phet
16:51 __Aqua_       : van nay k thang thi ngu vcl
16:52 SirWiggums    : adu
16:53 __Aqua_       : m di cai nao
16:53 SirWiggums    : di ma~
16:53 __Aqua_       : a
16:56 SirWiggums    : Ua
17:05 SirWiggums    : Ua
17:05 SirWiggums    : a
17:08 SirWiggums    : m di con nao
17:19 SirWiggums    : adu
17:21 SirWiggums    : Ua
17:21 __Aqua_       : djt
17:23 __Aqua_       : :))
17:23 SirWiggums    : caidjt
17:25 __Aqua_       : =]]
17:26 SirWiggums    : :))
17:28 __Aqua_       : hehe
17:28 __Aqua_       : djt
17:28 SirWiggums    : hhe cc
17:29 SirWiggums    : zo
17:29 SirWiggums    : an di
17:29 SirWiggums    : :)))
17:29 __Aqua_       : o
17:30 __Aqua_       : deo hoa thi nhu nao
17:30 SirWiggums    : nhu nay la Hoa r
17:30 SirWiggums    : di thu 36 nuoc xem no co tinh hoa k
17:31 SirWiggums    : bao nhieu r
17:31 __Aqua_       : deo b
17:33 __Aqua_       : ncc :))
17:33 SirWiggums    : thoi hoa r
17:33 __Aqua_       : di dc deo dau ma van cho di
17:34 SirWiggums    : thoi di nau com
17:34 __Aqua_       : u
21:41 SirWiggums placed suspicious WATER_BUCKET @ world: x465, z-469
