19:21 SirWiggums: ádasdas
19:23 SirWiggums: ừaas
19:33 AnXin     : ádasd
19:37 AnXin     : ád
19:39 AnXin     : asdasfwetg
19:41 AnXin     : asd
20:04 SirWiggums: asd
20:05 SirWiggums: asd
20:06 SirWiggums: ê
20:07 SirWiggums: asd
20:09 SirWiggums: asd
20:10 SirWiggums: ee
20:10 SirWiggums: eeasdawa
20:11 SirWiggums: asd
20:11 SirWiggums: awfkjhabewf
20:12 SirWiggums: wegnwe
20:17 SirWiggums: asfewrger
20:20 SirWiggums: asdasd
20:23 SirWiggums: ./unclaim
20:28 SirWiggums: ./claimlist
21:51 SirWiggums: asd
21:53 SirWiggums: e
22:00 SirWiggums: ê
22:05 AnXin     : ee
22:08 AnXin     : ee
22:08 AnXin     : ee
22:08 SirWiggums: ee
22:09 AnXin     : ee
22:09 SirWiggums: ee
22:11 AnXin     : ee
