00:03 wylong    : midsa
00:05 wylong    : wwwwwwwwwwwwwwwwwww
00:31 daxaymaymu: dmm
00:31 daxaymaymu: roi
00:31 daxaymaymu: e
00:31 daxaymaymu: co back dc k?
00:32 wylong    : xa hoi van minh, sua bay cc ak
00:32 daxaymaymu: la nhu sv trc dung k
00:36 bangcbvn  : /tell daxaymaymu 
00:40 bangcbvn  : ok
00:42 daxaymaymu: cho bo m cai xeng
00:42 daxaymaymu: claim
00:42 wylong    : co cai dau buoi
00:42 daxaymaymu: the la ai dao dc vang thi claim dc nhieu a
00:42 daxaymaymu: co gioi han block k?
00:43 wylong    : ai ma biet
00:43 wylong    : tu tim hieu di
00:44 daxaymaymu: ok
01:00 daxaymaymu: dmm\
02:55 __Aqua_ placed suspicious WATER_BUCKET @ world: x96, z-697
03:00 __Aqua_ placed suspicious WATER_BUCKET @ world: x-351, z-418
03:00 __Aqua_ placed suspicious LAVA_BUCKET @ world: x-351, z-418
03:01 __Aqua_ placed suspicious WATER_BUCKET @ world: x-350, z-418
03:01 __Aqua_ placed suspicious LAVA_BUCKET @ world: x-351, z-418
03:01 __Aqua_ placed suspicious LAVA_BUCKET @ world: x-351, z-418
03:02 __Aqua_ placed suspicious WATER_BUCKET @ world: x-355, z-418
03:02 __Aqua_ placed suspicious LAVA_BUCKET @ world: x-354, z-418
03:02 __Aqua_ placed suspicious LAVA_BUCKET @ world: x-354, z-418
03:02 __Aqua_ placed suspicious LAVA_BUCKET @ world: x-354, z-418
03:02 __Aqua_ placed suspicious WATER_BUCKET @ world: x-351, z-418
03:02 __Aqua_ placed suspicious LAVA_BUCKET @ world: x-352, z-418
03:02 __Aqua_ placed suspicious LAVA_BUCKET @ world: x-353, z-418
03:02 __Aqua_ placed suspicious WATER_BUCKET @ world: x-354, z-418
03:59 __Aqua_ placed suspicious WATER_BUCKET @ world: x153, z-552
03:59 __Aqua_ placed suspicious LAVA_BUCKET @ world: x153, z-553
03:59 __Aqua_ placed suspicious LAVA_BUCKET @ world: x153, z-553
03:59 __Aqua_ placed suspicious WATER_BUCKET @ world: x153, z-553
04:00 __Aqua_ placed suspicious LAVA_BUCKET @ world: x153, z-555
04:00 __Aqua_ placed suspicious LAVA_BUCKET @ world: x152, z-554
04:00 __Aqua_ placed suspicious LAVA_BUCKET @ world: x153, z-554
04:27 bangcbvn  : w
12:42 AnXin     : ee
13:42 SirWiggums: kit
14:00 SirWiggumsMinh: qasdaw
14:05 AnXin         : kit
15:00 AnXin     : ee
15:32 AnXin     : asd
15:33 AnXin     : asd
15:46 AnXin     : ./kit nhận quà hàng ngày/giờ nhá
15:48 AnXin     : ee
15:49 AnXin     : ghi thu /kit di
15:49 bangcbvn  : m la thang nao
15:49 AnXin     : :v
15:49 AnXin     : t la ĂnXin
15:50 bangcbvn  : discot di
15:50 AnXin     : phong tao dang co thang Ngu?
16:03 bangcbvn  : ra
16:03 SirWiggums: ./kit
16:09 SirWiggums: ./kit
16:36 daxaymaymu placed suspicious WATER_BUCKET @ world: x485, z-720
16:36 daxaymaymu placed suspicious WATER_BUCKET @ world: x488, z-721
16:37 daxaymaymu placed suspicious WATER_BUCKET @ world: x497, z-720
16:37 daxaymaymu placed suspicious WATER_BUCKET @ world: x499, z-721
16:37 daxaymaymu placed suspicious WATER_BUCKET @ world: x503, z-721
16:37 daxaymaymu placed suspicious WATER_BUCKET @ world: x508, z-716
16:38 daxaymaymu placed suspicious WATER_BUCKET @ world: x532, z-710
16:38 daxaymaymu placed suspicious WATER_BUCKET @ world: x542, z-713
16:52 bangcbvn placed suspicious WATER_BUCKET @ world: x373, z-660
16:57 bangcbvn placed suspicious WATER_BUCKET @ world: x380, z-662
17:39 AnXin     : solo
17:53 bangcbvn placed suspicious WATER_BUCKET @ world: x382, z-653
17:53 bangcbvn placed suspicious WATER_BUCKET @ world: x372, z-653
17:54 bangcbvn placed suspicious WATER_BUCKET @ world: x371, z-670
17:54 bangcbvn placed suspicious WATER_BUCKET @ world: x363, z-662
18:05 SirWiggums: ./kit
18:06 wylong    : seed
18:08 bangcbvn  : minh occho
18:10 bangcbvn  : kit
18:50 bangcbvn placed suspicious WATER_BUCKET @ world: x402, z-547
18:53 bangcbvn placed suspicious LAVA_BUCKET @ world: x384, z-677
18:53 bangcbvn placed suspicious LAVA_BUCKET @ world: x384, z-679
18:54 bangcbvn placed suspicious LAVA_BUCKET @ world: x388, z-658
18:54 bangcbvn placed suspicious WATER_BUCKET @ world: x387, z-657
20:14 daxaymaymu: tele tao ra
20:14 daxaymaymu: cong dia nguc cai
20:14 daxaymaymu: chay me vc
20:15 daxaymaymu: a cung the end
20:15 daxaymaymu: cong the end
20:15 daxaymaymu: t b
20:15 daxaymaymu: -322 -35 -1916
20:15 daxaymaymu: tele cai
20:15 daxaymaymu: chay met v c
20:16 daxaymaymu: 1 phat thoi
20:16 daxaymaymu: dm chay ton time vc
20:22 daxaymaymu: copy kieu cc gi
20:22 daxaymaymu: dmm
20:27 AnXin     : rảnh k
20:27 daxaymaymu: sao
20:29 daxaymaymu: choi
20:30 daxaymaymu: r tele tao ra cong the end nha
20:30 daxaymaymu: dcm chay den r
20:30 daxaymaymu: tele ve nha deo back dc
20:36 daxaymaymu: tele cai
20:36 daxaymaymu: mang m cui
20:40 AnXin     : asdasfa
20:40 AnXin     : nghu cca
20:40 AnXin     : wegnwerg
20:40 AnXin     : game rac
20:47 AnXin     : Running 5840ms or 116 ticks behind\
20:48 daxaymaymu: biet the lz nao dc
20:49 daxaymaymu: gui link cho t
20:49 daxaymaymu: qua mess
21:35 AnXin     : co thay lag k ?
22:17 ChowChow  : dw
